# JRE version: Java(TM) SE Runtime Environment (9.0+11) (build 9.0.1+11)
# Java VM: Java HotSpot(TM) 64-Bit Server VM (9.0.1+11, mixed mode, tiered, compressed oops, g1 gc, linux-amd64)
Heap:
 garbage-first heap   total 765952K, used 31935K [0x0000000724a00000, 0x0000000724b01760, 0x00000007c0000000)
  region size 1024K, 2 young (2048K), 2 survivors (2048K)
 Metaspace       used 41074K, capacity 43442K, committed 43724K, reserved 1087488K
  class space    used 5133K, capacity 5547K, committed 5580K, reserved 1048576K
GC Heap History (10 events):
Event: 2.072 GC heap after
{Heap after GC invocations=4 (full 0):
 garbage-first heap   total 479232K, used 11100K [0x0000000724a00000, 0x0000000724b00ea0, 0x00000007c0000000)
  region size 1024K, 4 young (4096K), 4 survivors (4096K)
 Metaspace       used 17085K, capacity 18054K, committed 18304K, reserved 1064960K
  class space    used 1905K, capacity 2120K, committed 2176K, reserved 1048576K
}
Event: 2.616 GC heap before
{Heap before GC invocations=4 (full 0):
 garbage-first heap   total 479232K, used 71516K [0x0000000724a00000, 0x0000000724b00ea0, 0x00000007c0000000)
  region size 1024K, 64 young (65536K), 4 survivors (4096K)
 Metaspace       used 19998K, capacity 21220K, committed 21296K, reserved 1069056K
  class space    used 2417K, capacity 2688K, committed 2688K, reserved 1048576K
}
Event: 2.648 GC heap after
{Heap after GC invocations=5 (full 0):
 garbage-first heap   total 479232K, used 12602K [0x0000000724a00000, 0x0000000724b00ea0, 0x00000007c0000000)
  region size 1024K, 6 young (6144K), 6 survivors (6144K)
 Metaspace       used 19998K, capacity 21220K, committed 21296K, reserved 1069056K
  class space    used 2417K, capacity 2688K, committed 2688K, reserved 1048576K
}
Event: 8.468 GC heap before
{Heap before GC invocations=6 (full 0):
 garbage-first heap   total 479232K, used 293178K [0x0000000724a00000, 0x0000000724b00ea0, 0x00000007c0000000)
  region size 1024K, 280 young (286720K), 6 survivors (6144K)
 Metaspace       used 32849K, capacity 34712K, committed 35020K, reserved 1079296K
  class space    used 4128K, capacity 4480K, committed 4556K, reserved 1048576K
}
Event: 8.525 GC heap after
{Heap after GC invocations=7 (full 0):
 garbage-first heap   total 479232K, used 33604K [0x0000000724a00000, 0x0000000724b00ea0, 0x00000007c0000000)
  region size 1024K, 26 young (26624K), 26 survivors (26624K)
 Metaspace       used 32849K, capacity 34712K, committed 35020K, reserved 1079296K
  class space    used 4128K, capacity 4480K, committed 4556K, reserved 1048576K
}
Event: 10.162 GC heap before
{Heap before GC invocations=7 (full 0):
 garbage-first heap   total 479232K, used 58180K [0x0000000724a00000, 0x0000000724b00ea0, 0x00000007c0000000)
  region size 1024K, 51 young (52224K), 26 survivors (26624K)
 Metaspace       used 33989K, capacity 35914K, committed 36048K, reserved 1081344K
  class space    used 4272K, capacity 4629K, committed 4684K, reserved 1048576K
}
Event: 10.195 GC heap after
{Heap after GC invocations=8 (full 0):
 garbage-first heap   total 479232K, used 23504K [0x0000000724a00000, 0x0000000724b00ea0, 0x00000007c0000000)
  region size 1024K, 3 young (3072K), 3 survivors (3072K)
 Metaspace       used 33989K, capacity 35914K, committed 36048K, reserved 1081344K
  class space    used 4272K, capacity 4629K, committed 4684K, reserved 1048576K
}
Event: 40.451 GC heap before
{Heap before GC invocations=9 (full 0):
 garbage-first heap   total 479232K, used 309200K [0x0000000724a00000, 0x0000000724b00ea0, 0x00000007c0000000)
  region size 1024K, 280 young (286720K), 3 survivors (3072K)
 Metaspace       used 41001K, capacity 43314K, committed 43468K, reserved 1087488K
  class space    used 5125K, capacity 5547K, committed 5580K, reserved 1048576K
}
Event: 41.563 GC heap after
{Heap after GC invocations=10 (full 0):
 garbage-first heap   total 479232K, used 35897K [0x0000000724a00000, 0x0000000724b00ea0, 0x00000007c0000000)
  region size 1024K, 15 young (15360K), 15 survivors (15360K)
 Metaspace       used 41001K, capacity 43314K, committed 43468K, reserved 1087488K
  class space    used 5125K, capacity 5547K, committed 5580K, reserved 1048576K
}
Event: 41.907 GC heap before
{Heap before GC invocations=10 (full 0):
 garbage-first heap   total 479232K, used 44089K [0x0000000724a00000, 0x0000000724b00ea0, 0x00000007c0000000)
  region size 1024K, 23 young (23552K), 15 survivors (15360K)
 Metaspace       used 41074K, capacity 43442K, committed 43724K, reserved 1087488K
  class space    used 5133K, capacity 5547K, committed 5580K, reserved 1048576K
}

