# JRE version: Java(TM) SE Runtime Environment (9.0+11) (build 9.0.1+11)
# Java VM: Java HotSpot(TM) 64-Bit Server VM (9.0.1+11, mixed mode, tiered, compressed oops, g1 gc, linux-amd64)
Heap:
 garbage-first heap   total 877568K, used 40493K [0x0000000724a00000, 0x0000000724b01ac8, 0x00000007c0000000)
  region size 1024K, 2 young (2048K), 2 survivors (2048K)
 Metaspace       used 50738K, capacity 53556K, committed 53760K, reserved 1095680K
  class space    used 6407K, capacity 6907K, committed 6912K, reserved 1048576K
GC Heap History (10 events):
Event: 5.900 GC heap after
{Heap after GC invocations=5 (full 0):
 garbage-first heap   total 479232K, used 12560K [0x0000000724a00000, 0x0000000724b00ea0, 0x00000007c0000000)
  region size 1024K, 5 young (5120K), 5 survivors (5120K)
 Metaspace       used 19907K, capacity 21172K, committed 21296K, reserved 1069056K
  class space    used 2377K, capacity 2642K, committed 2688K, reserved 1048576K
}
Event: 12.520 GC heap before
{Heap before GC invocations=6 (full 0):
 garbage-first heap   total 479232K, used 294160K [0x0000000724a00000, 0x0000000724b00ea0, 0x00000007c0000000)
  region size 1024K, 280 young (286720K), 5 survivors (5120K)
 Metaspace       used 32640K, capacity 34564K, committed 34688K, reserved 1079296K
  class space    used 4113K, capacity 4464K, committed 4480K, reserved 1048576K
}
Event: 12.622 GC heap after
{Heap after GC invocations=7 (full 0):
 garbage-first heap   total 479232K, used 33503K [0x0000000724a00000, 0x0000000724b00ea0, 0x00000007c0000000)
  region size 1024K, 25 young (25600K), 25 survivors (25600K)
 Metaspace       used 32640K, capacity 34564K, committed 34688K, reserved 1079296K
  class space    used 4113K, capacity 4464K, committed 4480K, reserved 1048576K
}
Event: 13.840 GC heap before
{Heap before GC invocations=7 (full 0):
 garbage-first heap   total 479232K, used 65247K [0x0000000724a00000, 0x0000000724b00ea0, 0x00000007c0000000)
  region size 1024K, 57 young (58368K), 25 survivors (25600K)
 Metaspace       used 33906K, capacity 35852K, committed 35920K, reserved 1081344K
  class space    used 4258K, capacity 4606K, committed 4608K, reserved 1048576K
}
Event: 13.961 GC heap after
{Heap after GC invocations=8 (full 0):
 garbage-first heap   total 479232K, used 23060K [0x0000000724a00000, 0x0000000724b00ea0, 0x00000007c0000000)
  region size 1024K, 3 young (3072K), 3 survivors (3072K)
 Metaspace       used 33906K, capacity 35852K, committed 35920K, reserved 1081344K
  class space    used 4258K, capacity 4606K, committed 4608K, reserved 1048576K
}
Event: 21.644 GC heap before
{Heap before GC invocations=9 (full 0):
 garbage-first heap   total 479232K, used 267796K [0x0000000724a00000, 0x0000000724b00ea0, 0x00000007c0000000)
  region size 1024K, 240 young (245760K), 3 survivors (3072K)
 Metaspace       used 40616K, capacity 42954K, committed 43136K, reserved 1087488K
  class space    used 5072K, capacity 5489K, committed 5504K, reserved 1048576K
}
Event: 21.693 GC heap after
{Heap after GC invocations=10 (full 0):
 garbage-first heap   total 479232K, used 34836K [0x0000000724a00000, 0x0000000724b00ea0, 0x00000007c0000000)
  region size 1024K, 14 young (14336K), 14 survivors (14336K)
 Metaspace       used 40616K, capacity 42954K, committed 43136K, reserved 1087488K
  class space    used 5072K, capacity 5489K, committed 5504K, reserved 1048576K
}
Event: 66.680 GC heap before
{Heap before GC invocations=11 (full 0):
 garbage-first heap   total 479232K, used 307220K [0x0000000724a00000, 0x0000000724b00ea0, 0x00000007c0000000)
  region size 1024K, 280 young (286720K), 14 survivors (14336K)
 Metaspace       used 50696K, capacity 53552K, committed 53760K, reserved 1095680K
  class space    used 6396K, capacity 6905K, committed 6912K, reserved 1048576K
}
Event: 69.559 GC heap after
{Heap after GC invocations=12 (full 0):
 garbage-first heap   total 479232K, used 45588K [0x0000000724a00000, 0x0000000724b00ea0, 0x00000007c0000000)
  region size 1024K, 25 young (25600K), 25 survivors (25600K)
 Metaspace       used 50696K, capacity 53552K, committed 53760K, reserved 1095680K
  class space    used 6396K, capacity 6905K, committed 6912K, reserved 1048576K
}
Event: 70.801 GC heap before
{Heap before GC invocations=12 (full 0):
 garbage-first heap   total 479232K, used 46612K [0x0000000724a00000, 0x0000000724b00ea0, 0x00000007c0000000)
  region size 1024K, 26 young (26624K), 25 survivors (25600K)
 Metaspace       used 50738K, capacity 53556K, committed 53760K, reserved 1095680K
  class space    used 6407K, capacity 6907K, committed 6912K, reserved 1048576K
}

